<?xml version="1.0" encoding="UTF-8"?>
<!-- Generated by org.testng.reporters.JUnitReportReporter -->
<testsuite hostname="LAPTOP-NAP26V5P" failures="0" tests="1" name="Practice1.TestNG" time="15.882" errors="0" timestamp="2022-05-30T10:22:45 IST" skipped="0">
  <testcase classname="Practice1.TestNG" name="run" time="15.882"/>
  <system-out/>
</testsuite> <!-- Practice1.TestNG -->
