<?xml version="1.0" encoding="UTF-8"?>
<!-- Generated by org.testng.reporters.JUnitReportReporter -->
<testsuite hostname="LAPTOP-NAP26V5P" failures="0" tests="1" name="Practice1.Test1" time="29.808" errors="0" timestamp="2022-05-30T10:31:25 IST" skipped="0">
  <testcase classname="Practice1.Test1" name="onsite" time="29.808"/>
  <system-out/>
</testsuite> <!-- Practice1.Test1 -->
