<?xml version="1.0" encoding="UTF-8"?>
<!-- Generated by org.testng.reporters.JUnitReportReporter -->
<testsuite hostname="LAPTOP-NAP26V5P" failures="0" tests="1" name="Smoke.Test2" time="32.048" errors="0" timestamp="2022-05-30T10:40:36 IST" skipped="0">
  <testcase classname="Smoke.Test2" name="onsite" time="32.048"/>
  <system-out/>
</testsuite> <!-- Smoke.Test2 -->
