<?xml version="1.0" encoding="UTF-8"?>
<!-- Generated by org.testng.reporters.JUnitReportReporter -->
<testsuite hostname="LAPTOP-NAP26V5P" failures="0" tests="1" name="SmokeandRegression.Test2" time="34.284" errors="0" timestamp="2022-05-30T10:48:03 IST" skipped="0">
  <testcase classname="SmokeandRegression.Test2" name="onsite" time="34.284"/>
  <system-out/>
</testsuite> <!-- SmokeandRegression.Test2 -->
