<?xml version="1.0" encoding="UTF-8"?>
<!-- Generated by org.testng.reporters.JUnitReportReporter -->
<testsuite hostname="LAPTOP-NAP26V5P" failures="0" tests="2" name="PrallelExecution.TestNG" time="33.819" errors="0" timestamp="2022-05-30T12:08:22 IST" skipped="0">
  <testcase classname="PrallelExecution.TestNG" name="run" time="15.155"/>
  <system-out/>
  <testcase classname="PrallelExecution.TestNG" name="run" time="18.664"/>
  <system-out/>
</testsuite> <!-- PrallelExecution.TestNG -->
