<?xml version="1.0" encoding="UTF-8"?>
<!-- Generated by org.testng.reporters.JUnitReportReporter -->
<testsuite hostname="LAPTOP-NAP26V5P" failures="0" tests="1" name="Smoke.TestNG" time="13.365" errors="0" timestamp="2022-05-30T10:36:46 IST" skipped="0">
  <testcase classname="Smoke.TestNG" name="run" time="13.365"/>
  <system-out/>
</testsuite> <!-- Smoke.TestNG -->
