<?xml version="1.0" encoding="UTF-8"?>
<!-- Generated by org.testng.reporters.JUnitReportReporter -->
<testsuite hostname="LAPTOP-NAP26V5P" failures="0" tests="1" name="Smoke.Test1" time="36.266" errors="0" timestamp="2022-05-30T10:40:36 IST" skipped="0">
  <testcase classname="Smoke.Test1" name="onsite" time="36.266"/>
  <system-out/>
</testsuite> <!-- Smoke.Test1 -->
