<?xml version="1.0" encoding="UTF-8"?>
<!-- Generated by org.testng.reporters.JUnitReportReporter -->
<testsuite hostname="LAPTOP-NAP26V5P" failures="0" tests="1" name="SmokeandRegression.Test1" time="32.271" errors="0" timestamp="2022-05-30T10:48:03 IST" skipped="0">
  <testcase classname="SmokeandRegression.Test1" name="onsite" time="32.271"/>
  <system-out/>
</testsuite> <!-- SmokeandRegression.Test1 -->
