<?xml version="1.0" encoding="UTF-8"?>
<!-- Generated by org.testng.reporters.JUnitReportReporter -->
<testsuite hostname="LAPTOP-NAP26V5P" failures="0" tests="1" name="SmokeandRegression.TestNG" time="17.004" errors="0" timestamp="2022-05-30T10:48:03 IST" skipped="0">
  <testcase classname="SmokeandRegression.TestNG" name="run" time="17.004"/>
  <system-out/>
</testsuite> <!-- SmokeandRegression.TestNG -->
