<?xml version="1.0" encoding="UTF-8"?>
<!-- Generated by org.testng.reporters.JUnitReportReporter -->
<testsuite hostname="LAPTOP-NAP26V5P" failures="0" tests="1" name="Practice1.Test2" time="32.448" errors="0" timestamp="2022-05-30T10:33:24 IST" skipped="0">
  <testcase classname="Practice1.Test2" name="onsite" time="32.448"/>
  <system-out/>
</testsuite> <!-- Practice1.Test2 -->
