<?xml version="1.0" encoding="UTF-8"?>
<!-- Generated by org.testng.reporters.JUnitReportReporter -->
<testsuite hostname="LAPTOP-NAP26V5P" failures="0" tests="2" name="PrallelExecution.Test1" time="80.736" errors="0" timestamp="2022-05-30T12:08:22 IST" skipped="0">
  <testcase classname="PrallelExecution.Test1" name="onsite" time="35.895"/>
  <system-out/>
  <testcase classname="PrallelExecution.Test1" name="onsite" time="44.841"/>
  <system-out/>
</testsuite> <!-- PrallelExecution.Test1 -->
