<?xml version="1.0" encoding="UTF-8"?>
<!-- Generated by org.testng.reporters.JUnitReportReporter -->
<testsuite hostname="LAPTOP-NAP26V5P" failures="0" tests="1" name="Regression.Test1" time="41.958" errors="0" timestamp="2022-05-30T12:10:58 IST" skipped="0">
  <testcase classname="Regression.Test1" name="onsite" time="41.958"/>
  <system-out/>
</testsuite> <!-- Regression.Test1 -->
