<?xml version="1.0" encoding="UTF-8"?>
<!-- Generated by org.testng.reporters.JUnitReportReporter -->
<testsuite hostname="LAPTOP-NAP26V5P" failures="0" tests="2" name="PrallelExecution.Test2" time="64.861" errors="0" timestamp="2022-05-30T12:03:47 IST" skipped="0">
  <testcase classname="PrallelExecution.Test2" name="onsite" time="31.448"/>
  <system-out/>
  <testcase classname="PrallelExecution.Test2" name="onsite" time="33.413"/>
  <system-out/>
</testsuite> <!-- PrallelExecution.Test2 -->
